2026-01-16 00:57:28,212 INFO o.a.j.u.JMeterUtils: Setting Locale to en_EN
2026-01-16 00:57:28,219 INFO o.a.j.JMeter: Loading user properties from: C:\dev\jmeter\5.6.3\bin\user.properties
2026-01-16 00:57:28,220 INFO o.a.j.JMeter: Loading system properties from: C:\dev\jmeter\5.6.3\bin\system.properties
2026-01-16 00:57:28,223 INFO o.a.j.JMeter: Copyright (c) 1998-2024 The Apache Software Foundation
2026-01-16 00:57:28,223 INFO o.a.j.JMeter: Version 5.6.3
2026-01-16 00:57:28,223 INFO o.a.j.JMeter: java.version=1.8.0_472
2026-01-16 00:57:28,223 INFO o.a.j.JMeter: java.vm.name=OpenJDK 64-Bit Server VM
2026-01-16 00:57:28,223 INFO o.a.j.JMeter: os.name=Windows 11
2026-01-16 00:57:28,223 INFO o.a.j.JMeter: os.arch=amd64
2026-01-16 00:57:28,223 INFO o.a.j.JMeter: os.version=10.0
2026-01-16 00:57:28,223 INFO o.a.j.JMeter: file.encoding=GBK
2026-01-16 00:57:28,223 INFO o.a.j.JMeter: java.awt.headless=null
2026-01-16 00:57:28,223 INFO o.a.j.JMeter: Max memory     =1073741824
2026-01-16 00:57:28,223 INFO o.a.j.JMeter: Available Processors =20
2026-01-16 00:57:28,225 INFO o.a.j.JMeter: Default Locale=English (EN)
2026-01-16 00:57:28,226 INFO o.a.j.JMeter: JMeter  Locale=English (EN)
2026-01-16 00:57:28,226 INFO o.a.j.JMeter: JMeterHome=C:\dev\jmeter\5.6.3
2026-01-16 00:57:28,226 INFO o.a.j.JMeter: user.dir  =C:\dev\project\others\backend-dev-docker-compose
2026-01-16 00:57:28,226 INFO o.a.j.JMeter: PWD       =C:\dev\project\others\backend-dev-docker-compose
2026-01-16 00:57:28,228 INFO o.a.j.JMeter: IP: 10.0.0.224 Name: ITX FullName: ITX.lan
2026-01-16 00:57:28,239 INFO o.a.j.JMeter: Loaded icon properties from org/apache/jmeter/images/icon.properties
2026-01-16 00:57:28,342 INFO o.a.j.JMeterGuiLauncher: Setting LAF to: com.github.weisj.darklaf.DarkLaf:com.github.weisj.darklaf.theme.DarculaTheme
2026-01-16 00:57:49,485 INFO o.a.j.u.JMeterUtils: Setting Locale to zh_CN
2026-01-16 00:58:31,522 INFO o.a.j.s.FileServer: Default base='C:\dev\project\others\backend-dev-docker-compose'
2026-01-16 00:58:31,524 INFO o.a.j.g.a.Load: Loading file: C:\dev\jmeter\5.6.3\test-plan\LICENSE
2026-01-16 00:58:31,524 INFO o.a.j.s.FileServer: Set new base='C:\dev\jmeter\5.6.3\test-plan'
2026-01-16 00:58:31,592 INFO o.a.j.s.SaveService: Testplan (JMX) version: 2.2. Testlog (JTL) version: 2.2
2026-01-16 00:58:31,600 INFO o.a.j.s.SaveService: Using SaveService properties file encoding UTF-8
2026-01-16 00:58:31,600 INFO o.a.j.s.SaveService: Using SaveService properties version 5.0
2026-01-16 00:58:31,601 INFO o.a.j.s.SaveService: Loading file: C:\dev\jmeter\5.6.3\test-plan\LICENSE
2026-01-16 00:58:31,602 WARN o.a.j.g.a.Load: Error reading file. java.io.FileNotFoundException: C:\dev\jmeter\5.6.3\test-plan\LICENSE (系统找不到指定的文件。)
2026-01-16 00:58:31,602 ERROR o.a.j.u.JMeterUtils: C:\dev\jmeter\5.6.3\test-plan\LICENSE (系统找不到指定的文件。)
2026-01-16 00:58:36,895 INFO o.a.j.s.FileServer: Set new base='C:\dev\jmeter\5.6.3\test-plan'
2026-01-16 00:58:53,380 INFO o.a.j.e.StandardJMeterEngine: Running the test!
2026-01-16 00:58:53,381 INFO o.a.j.s.SampleEvent: List of sample_variables: []
2026-01-16 00:58:53,381 INFO o.a.j.s.SampleEvent: List of sample_variables: []
2026-01-16 00:58:53,381 INFO o.a.j.e.u.CompoundVariable: Note: Function class names must contain the string: '.functions.'
2026-01-16 00:58:53,381 INFO o.a.j.e.u.CompoundVariable: Note: Function class names must not contain the string: '.gui.'
2026-01-16 00:58:53,522 INFO o.a.j.g.u.JMeterMenuBar: setRunning(true, *local*)
2026-01-16 00:58:53,523 INFO o.a.j.e.StandardJMeterEngine: Starting setUp thread groups
2026-01-16 00:58:53,523 INFO o.a.j.e.StandardJMeterEngine: Starting setUp ThreadGroup: 1 : setUp 线程组 
2026-01-16 00:58:53,523 INFO o.a.j.e.StandardJMeterEngine: Starting 1 threads for group setUp 线程组.
2026-01-16 00:58:53,523 INFO o.a.j.e.StandardJMeterEngine: Thread will continue on error
2026-01-16 00:58:53,523 INFO o.a.j.t.ThreadGroup: Starting thread group... number=1 threads=1 ramp-up=1 delayedStart=false
2026-01-16 00:58:53,525 INFO o.a.j.t.ThreadGroup: Started thread group number 1
2026-01-16 00:58:53,525 INFO o.a.j.e.StandardJMeterEngine: Waiting for all setup thread groups to exit
2026-01-16 00:58:53,525 INFO o.a.j.t.JMeterThread: Thread started: setUp 线程组 1-1
2026-01-16 00:58:53,526 INFO o.a.j.t.JMeterThread: Thread is done: setUp 线程组 1-1
2026-01-16 00:58:53,526 INFO o.a.j.t.JMeterThread: Thread finished: setUp 线程组 1-1
2026-01-16 00:58:53,527 INFO o.a.j.e.StandardJMeterEngine: All Setup Threads have ended
2026-01-16 00:58:53,528 INFO o.a.j.e.StandardJMeterEngine: No enabled thread groups found
2026-01-16 00:58:53,528 INFO o.a.j.e.StandardJMeterEngine: Notifying test listeners of end of test
2026-01-16 00:58:53,528 INFO o.a.j.g.u.JMeterMenuBar: setRunning(false, *local*)
2026-01-16 00:58:55,339 INFO o.a.j.e.StandardJMeterEngine: Running the test!
2026-01-16 00:58:55,340 INFO o.a.j.s.SampleEvent: List of sample_variables: []
2026-01-16 00:58:55,341 INFO o.a.j.g.u.JMeterMenuBar: setRunning(true, *local*)
2026-01-16 00:58:55,342 INFO o.a.j.e.StandardJMeterEngine: Starting setUp thread groups
2026-01-16 00:58:55,342 INFO o.a.j.e.StandardJMeterEngine: Starting setUp ThreadGroup: 1 : setUp 线程组 
2026-01-16 00:58:55,342 INFO o.a.j.e.StandardJMeterEngine: Starting 1 threads for group setUp 线程组.
2026-01-16 00:58:55,343 INFO o.a.j.e.StandardJMeterEngine: Thread will continue on error
2026-01-16 00:58:55,343 INFO o.a.j.t.ThreadGroup: Starting thread group... number=1 threads=1 ramp-up=1 delayedStart=false
2026-01-16 00:58:55,343 INFO o.a.j.t.ThreadGroup: Started thread group number 1
2026-01-16 00:58:55,343 INFO o.a.j.e.StandardJMeterEngine: Waiting for all setup thread groups to exit
2026-01-16 00:58:55,343 INFO o.a.j.t.JMeterThread: Thread started: setUp 线程组 1-1
2026-01-16 00:58:55,343 INFO o.a.j.t.JMeterThread: Thread is done: setUp 线程组 1-1
2026-01-16 00:58:55,343 INFO o.a.j.t.JMeterThread: Thread finished: setUp 线程组 1-1
2026-01-16 00:58:55,343 INFO o.a.j.e.StandardJMeterEngine: All Setup Threads have ended
2026-01-16 00:58:55,344 INFO o.a.j.e.StandardJMeterEngine: No enabled thread groups found
2026-01-16 00:58:55,344 INFO o.a.j.e.StandardJMeterEngine: Notifying test listeners of end of test
2026-01-16 00:58:55,344 INFO o.a.j.g.u.JMeterMenuBar: setRunning(false, *local*)
2026-01-16 01:00:04,630 INFO o.a.j.p.h.s.HTTPSamplerBase: Parser for text/html is org.apache.jmeter.protocol.http.parser.LagartoBasedHtmlParser
2026-01-16 01:00:04,630 INFO o.a.j.p.h.s.HTTPSamplerBase: Parser for application/xhtml+xml is org.apache.jmeter.protocol.http.parser.LagartoBasedHtmlParser
2026-01-16 01:00:04,630 INFO o.a.j.p.h.s.HTTPSamplerBase: Parser for application/xml is org.apache.jmeter.protocol.http.parser.LagartoBasedHtmlParser
2026-01-16 01:00:04,630 INFO o.a.j.p.h.s.HTTPSamplerBase: Parser for text/xml is org.apache.jmeter.protocol.http.parser.LagartoBasedHtmlParser
2026-01-16 01:00:04,630 INFO o.a.j.p.h.s.HTTPSamplerBase: Parser for text/vnd.wap.wml is org.apache.jmeter.protocol.http.parser.RegexpHTMLParser
2026-01-16 01:00:04,630 INFO o.a.j.p.h.s.HTTPSamplerBase: Parser for text/css is org.apache.jmeter.protocol.http.parser.CssParser
2026-01-16 01:00:43,276 INFO o.a.j.s.SampleResult: Note: Sample TimeStamps are START times
2026-01-16 01:00:43,276 INFO o.a.j.s.SampleResult: sampleresult.default.encoding is set to UTF-8
2026-01-16 01:00:43,276 INFO o.a.j.s.SampleResult: sampleresult.useNanoTime=true
2026-01-16 01:00:43,276 INFO o.a.j.s.SampleResult: sampleresult.nanoThreadSleep=5000
2026-01-16 01:01:13,745 INFO o.a.j.e.StandardJMeterEngine: Running the test!
2026-01-16 01:01:13,746 INFO o.a.j.s.SampleEvent: List of sample_variables: []
2026-01-16 01:01:13,747 INFO o.a.j.g.u.JMeterMenuBar: setRunning(true, *local*)
2026-01-16 01:01:13,818 INFO o.a.j.e.StandardJMeterEngine: Starting ThreadGroup: 1 : 10 QPS
2026-01-16 01:01:13,818 INFO o.a.j.e.StandardJMeterEngine: Starting 10 threads for group 10 QPS.
2026-01-16 01:01:13,818 INFO o.a.j.e.StandardJMeterEngine: Thread will continue on error
2026-01-16 01:01:13,818 INFO o.a.j.t.ThreadGroup: Starting thread group... number=1 threads=10 ramp-up=0 delayedStart=false
2026-01-16 01:01:13,821 INFO o.a.j.t.JMeterThread: Thread started: 10 QPS 1-3
2026-01-16 01:01:13,821 INFO o.a.j.t.JMeterThread: Thread started: 10 QPS 1-2
2026-01-16 01:01:13,821 INFO o.a.j.t.JMeterThread: Thread started: 10 QPS 1-4
2026-01-16 01:01:13,821 INFO o.a.j.t.JMeterThread: Thread started: 10 QPS 1-1
2026-01-16 01:01:13,821 INFO o.a.j.t.JMeterThread: Thread started: 10 QPS 1-6
2026-01-16 01:01:13,821 INFO o.a.j.t.JMeterThread: Thread started: 10 QPS 1-5
2026-01-16 01:01:13,821 INFO o.a.j.t.JMeterThread: Thread started: 10 QPS 1-7
2026-01-16 01:01:13,822 INFO o.a.j.t.JMeterThread: Thread started: 10 QPS 1-8
2026-01-16 01:01:13,823 INFO o.a.j.t.JMeterThread: Thread started: 10 QPS 1-9
2026-01-16 01:01:13,823 INFO o.a.j.t.ThreadGroup: Started thread group number 1
2026-01-16 01:01:13,823 INFO o.a.j.e.StandardJMeterEngine: All thread groups have been started
2026-01-16 01:01:13,824 INFO o.a.j.t.JMeterThread: Thread started: 10 QPS 1-10
2026-01-16 01:01:13,831 INFO o.a.j.p.h.s.HTTPHCAbstractImpl: Local host = ITX
2026-01-16 01:01:13,836 INFO o.a.j.p.h.s.HTTPHC4Impl: HTTP request retry count = 0
2026-01-16 01:04:44,121 INFO o.a.j.g.a.Start: Stopping test
2026-01-16 01:04:44,131 INFO o.a.j.t.JMeterThread: Stopping: 10 QPS 1-4
2026-01-16 01:04:44,132 WARN o.a.j.t.JMeterThread: Interrupting: 10 QPS 1-4 sampler: HTTP请求
2026-01-16 01:04:44,132 WARN o.a.j.t.JMeterThread: No operation pending
2026-01-16 01:04:44,132 INFO o.a.j.t.JMeterThread: Stopping: 10 QPS 1-5
2026-01-16 01:04:44,132 INFO o.a.j.t.JMeterThread: Thread finished: 10 QPS 1-4
2026-01-16 01:04:44,132 WARN o.a.j.t.JMeterThread: Interrupting: 10 QPS 1-5 sampler: HTTP请求
2026-01-16 01:04:44,132 INFO o.a.j.t.JMeterThread: Stopping: 10 QPS 1-1
2026-01-16 01:04:44,132 WARN o.a.j.t.JMeterThread: Interrupting: 10 QPS 1-1 sampler: HTTP请求
2026-01-16 01:04:44,132 INFO o.a.j.t.JMeterThread: Stopping: 10 QPS 1-3
2026-01-16 01:04:44,133 WARN o.a.j.t.JMeterThread: Interrupting: 10 QPS 1-3 sampler: HTTP请求
2026-01-16 01:04:44,133 INFO o.a.j.t.JMeterThread: Stopping: 10 QPS 1-6
2026-01-16 01:04:44,133 WARN o.a.j.t.JMeterThread: Interrupting: 10 QPS 1-6 sampler: HTTP请求
2026-01-16 01:04:44,133 INFO o.a.j.t.JMeterThread: Stopping: 10 QPS 1-7
2026-01-16 01:04:44,133 WARN o.a.j.t.JMeterThread: Interrupting: 10 QPS 1-7 sampler: HTTP请求
2026-01-16 01:04:44,133 INFO o.a.j.t.JMeterThread: Stopping: 10 QPS 1-2
2026-01-16 01:04:44,133 WARN o.a.j.t.JMeterThread: Interrupting: 10 QPS 1-2 sampler: HTTP请求
2026-01-16 01:04:44,133 INFO o.a.j.t.JMeterThread: Stopping: 10 QPS 1-8
2026-01-16 01:04:44,133 WARN o.a.j.t.JMeterThread: Interrupting: 10 QPS 1-8 sampler: HTTP请求
2026-01-16 01:04:44,133 INFO o.a.j.t.JMeterThread: Stopping: 10 QPS 1-9
2026-01-16 01:04:44,133 WARN o.a.j.t.JMeterThread: Interrupting: 10 QPS 1-9 sampler: HTTP请求
2026-01-16 01:04:44,134 INFO o.a.j.t.JMeterThread: Stopping: 10 QPS 1-10
2026-01-16 01:04:44,134 WARN o.a.j.t.JMeterThread: Interrupting: 10 QPS 1-10 sampler: HTTP请求
2026-01-16 01:04:44,140 INFO o.a.j.t.JMeterThread: Thread finished: 10 QPS 1-5
2026-01-16 01:04:44,140 INFO o.a.j.t.JMeterThread: Thread finished: 10 QPS 1-8
2026-01-16 01:04:44,140 INFO o.a.j.t.JMeterThread: Thread finished: 10 QPS 1-3
2026-01-16 01:04:44,140 INFO o.a.j.t.JMeterThread: Thread finished: 10 QPS 1-6
2026-01-16 01:04:44,140 INFO o.a.j.t.JMeterThread: Thread finished: 10 QPS 1-9
2026-01-16 01:04:44,140 INFO o.a.j.t.JMeterThread: Thread finished: 10 QPS 1-10
2026-01-16 01:04:44,140 INFO o.a.j.t.JMeterThread: Thread finished: 10 QPS 1-1
2026-01-16 01:04:44,140 INFO o.a.j.t.JMeterThread: Thread finished: 10 QPS 1-2
2026-01-16 01:04:44,140 INFO o.a.j.t.JMeterThread: Thread finished: 10 QPS 1-7
2026-01-16 01:04:44,141 INFO o.a.j.e.StandardJMeterEngine: Notifying test listeners of end of test
2026-01-16 01:04:44,141 INFO o.a.j.g.u.JMeterMenuBar: setRunning(false, *local*)
